--------
/home/pankajdeshmukh28/Snap-1.10/examples/pbd6595_F2013_project/shellfiles/statnet.Err
Tue Dec  3 02:28:01 2013
Execution stopped: IsNode(SrcNId) && IsNode(DstNId) [Reason:'915831224 or 32559 not a node.'], file graph.cpp, line 82
--------
--------
/home/pankajdeshmukh28/Snap-1.10/examples/pbd6595_F2013_project/shellfiles/statnet.Err
Tue Dec  3 02:28:01 2013
Execution stopped: IsNode(SrcNId) && IsNode(DstNId) [Reason:'-165303880 or 32644 not a node.'], file graph.cpp, line 82
--------
--------
/home/pankajdeshmukh28/Snap-1.10/examples/pbd6595_F2013_project/shellfiles/statnet.Err
Tue Dec  3 02:28:01 2013
Execution stopped: IsNode(SrcNId) && IsNode(DstNId) [Reason:'-1118905928 or 32536 not a node.'], file graph.cpp, line 82
--------
--------
/home/pankajdeshmukh28/Snap-1.10/examples/pbd6595_F2013_project/shellfiles/statnet.Err
Tue Dec  3 02:28:01 2013
Execution stopped: IsNode(SrcNId) && IsNode(DstNId) [Reason:'-32544328 or 32582 not a node.'], file graph.cpp, line 82
--------
--------
/home/pankajdeshmukh28/Snap-1.10/examples/pbd6595_F2013_project/shellfiles/statnet.Err
Tue Dec  3 02:28:01 2013
Execution stopped: IsNode(SrcNId) && IsNode(DstNId) [Reason:'-1702606408 or 32699 not a node.'], file graph.cpp, line 82
--------
--------
/home/pankajdeshmukh28/Snap-1.10/examples/pbd6595_F2013_project/shellfiles/statnet.Err
Tue Dec  3 02:28:01 2013
Execution stopped: IsNode(SrcNId) && IsNode(DstNId) [Reason:'939145656 or 32560 not a node.'], file graph.cpp, line 82
--------
--------
/home/pankajdeshmukh28/Snap-1.10/examples/pbd6595_F2013_project/shellfiles/statnet.Err
Tue Dec  3 11:28:35 2013
Execution stopped: IsNode(SrcNId) && IsNode(DstNId) [Reason:'1678363064 or 32587 not a node.'], file graph.cpp, line 82
--------
--------
/home/pankajdeshmukh28/Snap-1.10/examples/pbd6595_F2013_project/shellfiles/statnet.Err
Tue Dec  3 11:28:35 2013
Execution stopped: IsNode(SrcNId) && IsNode(DstNId) [Reason:'1765882296 or 32694 not a node.'], file graph.cpp, line 82
--------
--------
/home/pankajdeshmukh28/Snap-1.10/examples/pbd6595_F2013_project/shellfiles/statnet.Err
Tue Dec  3 11:28:35 2013
Execution stopped: IsNode(SrcNId) && IsNode(DstNId) [Reason:'51198392 or 32640 not a node.'], file graph.cpp, line 82
--------
--------
/home/pankajdeshmukh28/Snap-1.10/examples/pbd6595_F2013_project/shellfiles/statnet.Err
Tue Dec  3 11:28:35 2013
Execution stopped: IsNode(SrcNId) && IsNode(DstNId) [Reason:'-474846792 or 32645 not a node.'], file graph.cpp, line 82
--------
--------
/home/pankajdeshmukh28/Snap-1.10/examples/pbd6595_F2013_project/shellfiles/statnet.Err
Tue Dec  3 11:28:35 2013
Execution stopped: IsNode(SrcNId) && IsNode(DstNId) [Reason:'177510840 or 32740 not a node.'], file graph.cpp, line 82
--------
--------
/home/pankajdeshmukh28/Snap-1.10/examples/pbd6595_F2013_project/shellfiles/statnet.Err
Tue Dec  3 11:28:35 2013
Execution stopped: IsNode(SrcNId) && IsNode(DstNId) [Reason:'-23635528 or 32640 not a node.'], file graph.cpp, line 82
--------
--------
/home/pankajdeshmukh28/Snap-1.10/examples/pbd6595_F2013_project/shellfiles/statnet.Err
Tue Dec  3 11:32:37 2013
Execution stopped: IsNode(SrcNId) && IsNode(DstNId) [Reason:'685238712 or 32694 not a node.'], file graph.cpp, line 82
--------
--------
/home/pankajdeshmukh28/Snap-1.10/examples/pbd6595_F2013_project/shellfiles/statnet.Err
Tue Dec  3 11:32:37 2013
Execution stopped: IsNode(SrcNId) && IsNode(DstNId) [Reason:'-1730520648 or 32763 not a node.'], file graph.cpp, line 82
--------
--------
/home/pankajdeshmukh28/Snap-1.10/examples/pbd6595_F2013_project/shellfiles/statnet.Err
Tue Dec  3 11:32:37 2013
Execution stopped: IsNode(SrcNId) && IsNode(DstNId) [Reason:'657365432 or 32757 not a node.'], file graph.cpp, line 82
--------
--------
/home/pankajdeshmukh28/Snap-1.10/examples/pbd6595_F2013_project/shellfiles/statnet.Err
Tue Dec  3 11:32:37 2013
Execution stopped: IsNode(SrcNId) && IsNode(DstNId) [Reason:'-1534293576 or 32745 not a node.'], file graph.cpp, line 82
--------
--------
/home/pankajdeshmukh28/Snap-1.10/examples/pbd6595_F2013_project/shellfiles/statnet.Err
Tue Dec  3 11:32:37 2013
Execution stopped: IsNode(SrcNId) && IsNode(DstNId) [Reason:'271505848 or 32631 not a node.'], file graph.cpp, line 82
--------
--------
/home/pankajdeshmukh28/Snap-1.10/examples/pbd6595_F2013_project/shellfiles/statnet.Err
Tue Dec  3 11:32:37 2013
Execution stopped: IsNode(SrcNId) && IsNode(DstNId) [Reason:'-840422984 or 32548 not a node.'], file graph.cpp, line 82
--------
--------
/home/pankajdeshmukh28/Snap-1.10/examples/pbd6595_F2013_project/shellfiles/statnet.Err
Tue Dec  3 11:38:39 2013
Execution stopped: IsNode(SrcNId) && IsNode(DstNId) [Reason:'-1187661384 or 32617 not a node.'], file graph.cpp, line 82
--------
--------
/home/pankajdeshmukh28/Snap-1.10/examples/pbd6595_F2013_project/shellfiles/statnet.Err
Tue Dec  3 11:38:39 2013
Execution stopped: IsNode(SrcNId) && IsNode(DstNId) [Reason:'16599480 or 32676 not a node.'], file graph.cpp, line 82
--------
--------
/home/pankajdeshmukh28/Snap-1.10/examples/pbd6595_F2013_project/shellfiles/statnet.Err
Tue Dec  3 11:38:39 2013
Execution stopped: IsNode(SrcNId) && IsNode(DstNId) [Reason:'1368000952 or 32584 not a node.'], file graph.cpp, line 82
--------
--------
/home/pankajdeshmukh28/Snap-1.10/examples/pbd6595_F2013_project/shellfiles/statnet.Err
Tue Dec  3 11:38:39 2013
Execution stopped: IsNode(SrcNId) && IsNode(DstNId) [Reason:'731347384 or 32713 not a node.'], file graph.cpp, line 82
--------
--------
/home/pankajdeshmukh28/Snap-1.10/examples/pbd6595_F2013_project/shellfiles/statnet.Err
Tue Dec  3 11:38:39 2013
Execution stopped: IsNode(SrcNId) && IsNode(DstNId) [Reason:'1555179960 or 32751 not a node.'], file graph.cpp, line 82
--------
--------
/home/pankajdeshmukh28/Snap-1.10/examples/pbd6595_F2013_project/shellfiles/statnet.Err
Tue Dec  3 11:38:39 2013
Execution stopped: IsNode(SrcNId) && IsNode(DstNId) [Reason:'-2070087240 or 32574 not a node.'], file graph.cpp, line 82
--------
--------
/home/pankajdeshmukh28/Snap-1.10/examples/pbd6595_F2013_project/shellfiles/statnet.Err
Tue Dec  3 11:38:57 2013
Execution stopped: IsNode(SrcNId) && IsNode(DstNId) [Reason:'-4855368 or 32668 not a node.'], file graph.cpp, line 82
--------
--------
/home/pankajdeshmukh28/Snap-1.10/examples/pbd6595_F2013_project/shellfiles/statnet.Err
Tue Dec  3 11:38:57 2013
Execution stopped: IsNode(SrcNId) && IsNode(DstNId) [Reason:'2096290232 or 32723 not a node.'], file graph.cpp, line 82
--------
--------
/home/pankajdeshmukh28/Snap-1.10/examples/pbd6595_F2013_project/shellfiles/statnet.Err
Tue Dec  3 11:38:57 2013
Execution stopped: IsNode(SrcNId) && IsNode(DstNId) [Reason:'-1744340552 or 32648 not a node.'], file graph.cpp, line 82
--------
--------
/home/pankajdeshmukh28/Snap-1.10/examples/pbd6595_F2013_project/shellfiles/statnet.Err
Tue Dec  3 11:38:57 2013
Execution stopped: IsNode(SrcNId) && IsNode(DstNId) [Reason:'-1768658504 or 32684 not a node.'], file graph.cpp, line 82
--------
--------
/home/pankajdeshmukh28/Snap-1.10/examples/pbd6595_F2013_project/shellfiles/statnet.Err
Tue Dec  3 11:38:57 2013
Execution stopped: IsNode(SrcNId) && IsNode(DstNId) [Reason:'1593641400 or 32606 not a node.'], file graph.cpp, line 82
--------
--------
/home/pankajdeshmukh28/Snap-1.10/examples/pbd6595_F2013_project/shellfiles/statnet.Err
Tue Dec  3 11:38:57 2013
Execution stopped: IsNode(SrcNId) && IsNode(DstNId) [Reason:'803109304 or 32603 not a node.'], file graph.cpp, line 82
--------
--------
/home/pankajdeshmukh28/Snap-1.10/examples/pbd6595_F2013_project/shellfiles/statnet.Err
Tue Dec  3 11:40:41 2013
Execution stopped: IsNode(SrcNId) && IsNode(DstNId) [Reason:'448211384 or 32706 not a node.'], file graph.cpp, line 82
--------
--------
/home/pankajdeshmukh28/Snap-1.10/examples/pbd6595_F2013_project/shellfiles/statnet.Err
Tue Dec  3 11:40:41 2013
Execution stopped: IsNode(SrcNId) && IsNode(DstNId) [Reason:'-533997128 or 32589 not a node.'], file graph.cpp, line 82
--------
--------
/home/pankajdeshmukh28/Snap-1.10/examples/pbd6595_F2013_project/shellfiles/statnet.Err
Tue Dec  3 11:40:41 2013
Execution stopped: IsNode(SrcNId) && IsNode(DstNId) [Reason:'337107384 or 32698 not a node.'], file graph.cpp, line 82
--------
--------
/home/pankajdeshmukh28/Snap-1.10/examples/pbd6595_F2013_project/shellfiles/statnet.Err
Tue Dec  3 11:40:41 2013
Execution stopped: IsNode(SrcNId) && IsNode(DstNId) [Reason:'-2091828808 or 32758 not a node.'], file graph.cpp, line 82
--------
--------
/home/pankajdeshmukh28/Snap-1.10/examples/pbd6595_F2013_project/shellfiles/statnet.Err
Tue Dec  3 11:40:41 2013
Execution stopped: IsNode(SrcNId) && IsNode(DstNId) [Reason:'1635002808 or 32614 not a node.'], file graph.cpp, line 82
--------
--------
/home/pankajdeshmukh28/Snap-1.10/examples/pbd6595_F2013_project/shellfiles/statnet.Err
Tue Dec  3 11:40:41 2013
Execution stopped: IsNode(SrcNId) && IsNode(DstNId) [Reason:'481298872 or 32728 not a node.'], file graph.cpp, line 82
--------
--------
/home/pankajdeshmukh28/Snap-1.10/examples/pbd6595_F2013_project/shellfiles/statnet.Err
Tue Dec  3 11:43:56 2013
Execution stopped: IsNode(SrcNId) && IsNode(DstNId) [Reason:'-1716856392 or 32523 not a node.'], file graph.cpp, line 82
--------
--------
/home/pankajdeshmukh28/Snap-1.10/examples/pbd6595_F2013_project/shellfiles/statnet.Err
Tue Dec  3 11:43:56 2013
Execution stopped: IsNode(SrcNId) && IsNode(DstNId) [Reason:'1152833976 or 32569 not a node.'], file graph.cpp, line 82
--------
--------
/home/pankajdeshmukh28/Snap-1.10/examples/pbd6595_F2013_project/shellfiles/statnet.Err
Tue Dec  3 11:43:56 2013
Execution stopped: IsNode(SrcNId) && IsNode(DstNId) [Reason:'-240957000 or 32524 not a node.'], file graph.cpp, line 82
--------
--------
/home/pankajdeshmukh28/Snap-1.10/examples/pbd6595_F2013_project/shellfiles/statnet.Err
Tue Dec  3 11:43:56 2013
Execution stopped: IsNode(SrcNId) && IsNode(DstNId) [Reason:'-2138179144 or 32619 not a node.'], file graph.cpp, line 82
--------
--------
/home/pankajdeshmukh28/Snap-1.10/examples/pbd6595_F2013_project/shellfiles/statnet.Err
Tue Dec  3 11:43:56 2013
Execution stopped: IsNode(SrcNId) && IsNode(DstNId) [Reason:'191457720 or 32596 not a node.'], file graph.cpp, line 82
--------
--------
/home/pankajdeshmukh28/Snap-1.10/examples/pbd6595_F2013_project/shellfiles/statnet.Err
Tue Dec  3 11:43:56 2013
Execution stopped: IsNode(SrcNId) && IsNode(DstNId) [Reason:'2028759480 or 32610 not a node.'], file graph.cpp, line 82
--------
